<?xml version="1.0" encoding="UTF-8"?>
<coverage generated="1550609611210" clover="3.2.0">
  <project timestamp="1550609611211" name="All files">
    <metrics statements="11" coveredstatements="10" conditionals="5" coveredconditionals="4" methods="1" coveredmethods="1" elements="17" coveredelements="15" complexity="0" loc="11" ncloc="11" packages="1" files="1" classes="1"/>
    <file name="index.js" path="/home/jaid/dev/array-to-object-keys/src/index.js">
      <metrics statements="11" coveredstatements="10" conditionals="5" coveredconditionals="4" methods="1" coveredmethods="1"/>
      <line num="31" count="3" type="cond" truecount="1" falsecount="1"/>
      <line num="32" count="0" type="stmt"/>
      <line num="34" count="3" type="stmt"/>
      <line num="35" count="3" type="cond" truecount="2" falsecount="0"/>
      <line num="36" count="1" type="stmt"/>
      <line num="37" count="1" type="stmt"/>
      <line num="38" count="2" type="stmt"/>
      <line num="39" count="2" type="stmt"/>
      <line num="42" count="2" type="stmt"/>
      <line num="43" count="4" type="stmt"/>
      <line num="46" count="3" type="stmt"/>
    </file>
  </project>
</coverage>
