{
  "/home/jaid/dev/array-to-object-keys/src/index.js": {
    "path": "/home/jaid/dev/array-to-object-keys/src/index.js",
    "statementMap": {
      "0": {
        "start": {
          "line": 31,
          "column": 2
        },
        "end": {
          "line": 33,
          "column": 3
        }
      },
      "1": {
        "start": {
          "line": 32,
          "column": 4
        },
        "end": {
          "line": 32,
          "column": 13
        }
      },
      "2": {
        "start": {
          "line": 34,
          "column": 17
        },
        "end": {
          "line": 34,
          "column": 19
        }
      },
      "3": {
        "start": {
          "line": 35,
          "column": 2
        },
        "end": {
          "line": 45,
          "column": 3
        }
      },
      "4": {
        "start": {
          "line": 36,
          "column": 16
        },
        "end": {
          "line": 36,
          "column": 17
        }
      },
      "5": {
        "start": {
          "line": 37,
          "column": 4
        },
        "end": {
          "line": 40,
          "column": 5
        }
      },
      "6": {
        "start": {
          "line": 38,
          "column": 6
        },
        "end": {
          "line": 38,
          "column": 50
        }
      },
      "7": {
        "start": {
          "line": 39,
          "column": 6
        },
        "end": {
          "line": 39,
          "column": 13
        }
      },
      "8": {
        "start": {
          "line": 42,
          "column": 4
        },
        "end": {
          "line": 44,
          "column": 5
        }
      },
      "9": {
        "start": {
          "line": 43,
          "column": 6
        },
        "end": {
          "line": 43,
          "column": 36
        }
      },
      "10": {
        "start": {
          "line": 46,
          "column": 2
        },
        "end": {
          "line": 46,
          "column": 15
        }
      }
    },
    "fnMap": {
      "0": {
        "name": "(anonymous_0)",
        "decl": {
          "start": {
            "line": 30,
            "column": 15
          },
          "end": {
            "line": 30,
            "column": 16
          }
        },
        "loc": {
          "start": {
            "line": 30,
            "column": 49
          },
          "end": {
            "line": 47,
            "column": 1
          }
        },
        "line": 30
      }
    },
    "branchMap": {
      "0": {
        "loc": {
          "start": {
            "line": 30,
            "column": 23
          },
          "end": {
            "line": 30,
            "column": 44
          }
        },
        "type": "default-arg",
        "locations": [
          {
            "start": {
              "line": 30,
              "column": 40
            },
            "end": {
              "line": 30,
              "column": 44
            }
          }
        ],
        "line": 30
      },
      "1": {
        "loc": {
          "start": {
            "line": 31,
            "column": 2
          },
          "end": {
            "line": 33,
            "column": 3
          }
        },
        "type": "if",
        "locations": [
          {
            "start": {
              "line": 31,
              "column": 2
            },
            "end": {
              "line": 33,
              "column": 3
            }
          },
          {
            "start": {
              "line": 31,
              "column": 2
            },
            "end": {
              "line": 33,
              "column": 3
            }
          }
        ],
        "line": 31
      },
      "2": {
        "loc": {
          "start": {
            "line": 35,
            "column": 2
          },
          "end": {
            "line": 45,
            "column": 3
          }
        },
        "type": "if",
        "locations": [
          {
            "start": {
              "line": 35,
              "column": 2
            },
            "end": {
              "line": 45,
              "column": 3
            }
          },
          {
            "start": {
              "line": 35,
              "column": 2
            },
            "end": {
              "line": 45,
              "column": 3
            }
          }
        ],
        "line": 35
      }
    },
    "s": {
      "0": 3,
      "1": 0,
      "2": 3,
      "3": 3,
      "4": 1,
      "5": 1,
      "6": 2,
      "7": 2,
      "8": 2,
      "9": 4,
      "10": 3
    },
    "f": {
      "0": 3
    },
    "b": {
      "0": [
        1
      ],
      "1": [
        0,
        3
      ],
      "2": [
        1,
        2
      ]
    },
    "_coverageSchema": "43e27e138ebf9cfc5966b082cf9a028302ed4184",
    "hash": "81b68f5ca3725f5a62043672c8c438d9f5df0be2"
  }
}